<?xml version="1.0" encoding="UTF-8"?>
<testsuite xmlns:xsi="http://www.w3.org/2001/XMLSchema-instance" xsi:noNamespaceSchemaLocation="https://maven.apache.org/surefire/maven-failsafe-plugin/xsd/failsafe-test-report.xsd" name="jar.AcceptanceTestSuite" time="15.082" tests="24" errors="1" skipped="0" failures="0">
  <properties>
    <property name="gopherProxySet" value="false"/>
    <property name="awt.toolkit" value="sun.lwawt.macosx.LWCToolkit"/>
    <property name="file.encoding.pkg" value="sun.io"/>
    <property name="java.specification.version" value="1.8"/>
    <property name="sun.cpu.isalist" value=""/>
    <property name="sun.jnu.encoding" value="UTF-8"/>
    <property name="java.class.path" value="/Users/appfactory/Documents/workspace/euexit-api-bdd/target/test-classes:/Users/appfactory/Documents/workspace/euexit-api-bdd/target/euexit-api-bdd-1.0.0.jar:/Users/appfactory/Documents/workspace/maven-dependency/net/serenity-bdd/serenity-core/1.9.4/serenity-core-1.9.4.jar:/Users/appfactory/Documents/workspace/maven-dependency/com/google/guava/guava/23.6-jre/guava-23.6-jre.jar:/Users/appfactory/Documents/workspace/maven-dependency/com/google/code/findbugs/jsr305/1.3.9/jsr305-1.3.9.jar:/Users/appfactory/Documents/workspace/maven-dependency/org/checkerframework/checker-compat-qual/2.0.0/checker-compat-qual-2.0.0.jar:/Users/appfactory/Documents/workspace/maven-dependency/com/google/errorprone/error_prone_annotations/2.1.3/error_prone_annotations-2.1.3.jar:/Users/appfactory/Documents/workspace/maven-dependency/com/google/j2objc/j2objc-annotations/1.1/j2objc-annotations-1.1.jar:/Users/appfactory/Documents/workspace/maven-dependency/org/codehaus/mojo/animal-sniffer-annotations/1.14/animal-sniffer-annotations-1.14.jar:/Users/appfactory/Documents/workspace/maven-dependency/com/google/inject/guice/4.1.0/guice-4.1.0.jar:/Users/appfactory/Documents/workspace/maven-dependency/javax/inject/javax.inject/1/javax.inject-1.jar:/Users/appfactory/Documents/workspace/maven-dependency/aopalliance/aopalliance/1.0/aopalliance-1.0.jar:/Users/appfactory/Documents/workspace/maven-dependency/cglib/cglib/3.2.5/cglib-3.2.5.jar:/Users/appfactory/Documents/workspace/maven-dependency/org/apache/ant/ant/1.9.6/ant-1.9.6.jar:/Users/appfactory/Documents/workspace/maven-dependency/org/apache/ant/ant-launcher/1.9.6/ant-launcher-1.9.6.jar:/Users/appfactory/Documents/workspace/maven-dependency/org/ow2/asm/asm/5.0.3/asm-5.0.3.jar:/Users/appfactory/Documents/workspace/maven-dependency/commons-codec/commons-codec/1.10/commons-codec-1.10.jar:/Users/appfactory/Documents/workspace/maven-dependency/org/objenesis/objenesis/2.6/objenesis-2.6.jar:/Users/appfactory/Documents/workspace/maven-dependency/org/slf4j/slf4j-api/1.7.21/slf4j-api-1.7.21.jar:/Users/appfactory/Documents/workspace/maven-dependency/xml-apis/xml-apis/1.4.01/xml-apis-1.4.01.jar:/Users/appfactory/Documents/workspace/maven-dependency/io/cucumber/cucumber-core/2.3.0/cucumber-core-2.3.0.jar:/Users/appfactory/Documents/workspace/maven-dependency/info/cukes/cucumber-html/0.2.6/cucumber-html-0.2.6.jar:/Users/appfactory/Documents/workspace/maven-dependency/io/cucumber/cucumber-jvm-deps/1.0.6/cucumber-jvm-deps-1.0.6.jar:/Users/appfactory/Documents/workspace/maven-dependency/io/cucumber/gherkin/5.0.0/gherkin-5.0.0.jar:/Users/appfactory/Documents/workspace/maven-dependency/io/cucumber/tag-expressions/1.1.1/tag-expressions-1.1.1.jar:/Users/appfactory/Documents/workspace/maven-dependency/commons-logging/commons-logging/1.2/commons-logging-1.2.jar:/Users/appfactory/Documents/workspace/maven-dependency/org/mockito/mockito-core/1.10.19/mockito-core-1.10.19.jar:/Users/appfactory/Documents/workspace/maven-dependency/net/bytebuddy/byte-buddy/1.7.9/byte-buddy-1.7.9.jar:/Users/appfactory/Documents/workspace/maven-dependency/io/vavr/vavr/0.9.0/vavr-0.9.0.jar:/Users/appfactory/Documents/workspace/maven-dependency/io/vavr/vavr-match/0.9.0/vavr-match-0.9.0.jar:/Users/appfactory/Documents/workspace/maven-dependency/net/serenity-bdd/serenity-report-resources/1.9.4/serenity-report-resources-1.9.4.jar:/Users/appfactory/Documents/workspace/maven-dependency/com/google/code/gson/gson/2.8.2/gson-2.8.2.jar:/Users/appfactory/Documents/workspace/maven-dependency/commons-io/commons-io/2.6/commons-io-2.6.jar:/Users/appfactory/Documents/workspace/maven-dependency/com/opera/operadriver/1.5/operadriver-1.5.jar:/Users/appfactory/Documents/workspace/maven-dependency/com/opera/operalaunchers/1.1/operalaunchers-1.1.jar:/Users/appfactory/Documents/workspace/maven-dependency/com/google/protobuf/protobuf-java/2.4.1/protobuf-java-2.4.1.jar:/Users/appfactory/Documents/workspace/maven-dependency/commons-jxpath/commons-jxpath/1.3/commons-jxpath-1.3.jar:/Users/appfactory/Documents/workspace/maven-dependency/org/ini4j/ini4j/0.5.2/ini4j-0.5.2.jar:/Users/appfactory/Documents/workspace/maven-dependency/org/seleniumhq/selenium/selenium-server/3.10.0/selenium-server-3.10.0.jar:/Users/appfactory/Documents/workspace/maven-dependency/org/seleniumhq/selenium/selenium-firefox-driver/3.10.0/selenium-firefox-driver-3.10.0.jar:/Users/appfactory/Documents/workspace/maven-dependency/org/seleniumhq/selenium/selenium-ie-driver/3.10.0/selenium-ie-driver-3.10.0.jar:/Users/appfactory/Documents/workspace/maven-dependency/org/seleniumhq/selenium/selenium-opera-driver/3.10.0/selenium-opera-driver-3.10.0.jar:/Users/appfactory/Documents/workspace/maven-dependency/com/beust/jcommander/1.72/jcommander-1.72.jar:/Users/appfactory/Documents/workspace/maven-dependency/org/apache/commons/commons-exec/1.3/commons-exec-1.3.jar:/Users/appfactory/Documents/workspace/maven-dependency/org/apache/commons/commons-text/1.1/commons-text-1.1.jar:/Users/appfactory/Documents/workspace/maven-dependency/commons-net/commons-net/3.6/commons-net-3.6.jar:/Users/appfactory/Documents/workspace/maven-dependency/org/w3c/css/sac/1.3/sac-1.3.jar:/Users/appfactory/Documents/workspace/maven-dependency/net/sourceforge/cssparser/cssparser/0.9.24/cssparser-0.9.24.jar:/Users/appfactory/Documents/workspace/maven-dependency/net/sourceforge/htmlunit/htmlunit-core-js/2.28/htmlunit-core-js-2.28.jar:/Users/appfactory/Documents/workspace/maven-dependency/net/sourceforge/htmlunit/neko-htmlunit/2.28/neko-htmlunit-2.28.jar:/Users/appfactory/Documents/workspace/maven-dependency/org/apache/httpcomponents/httpcore/4.4.6/httpcore-4.4.6.jar:/Users/appfactory/Documents/workspace/maven-dependency/net/jcip/jcip-annotations/1.0/jcip-annotations-1.0.jar:/Users/appfactory/Documents/workspace/maven-dependency/org/seleniumhq/selenium/jetty-repacked/9.4.7.v20171121/jetty-repacked-9.4.7.v20171121.jar:/Users/appfactory/Documents/workspace/maven-dependency/org/eclipse/jetty/jetty-client/9.4.7.v20170914/jetty-client-9.4.7.v20170914.jar:/Users/appfactory/Documents/workspace/maven-dependency/org/eclipse/jetty/jetty-http/9.4.8.v20171121/jetty-http-9.4.8.v20171121.jar:/Users/appfactory/Documents/workspace/maven-dependency/org/eclipse/jetty/jetty-xml/9.4.7.v20170914/jetty-xml-9.4.7.v20170914.jar:/Users/appfactory/Documents/workspace/maven-dependency/com/squareup/okhttp3/okhttp/3.9.1/okhttp-3.9.1.jar:/Users/appfactory/Documents/workspace/maven-dependency/com/squareup/okio/okio/1.13.0/okio-1.13.0.jar:/Users/appfactory/Documents/workspace/maven-dependency/javax/servlet/javax.servlet-api/3.1.0/javax.servlet-api-3.1.0.jar:/Users/appfactory/Documents/workspace/maven-dependency/org/eclipse/jetty/websocket/websocket-api/9.4.7.v20170914/websocket-api-9.4.7.v20170914.jar:/Users/appfactory/Documents/workspace/maven-dependency/org/eclipse/jetty/websocket/websocket-client/9.4.7.v20170914/websocket-client-9.4.7.v20170914.jar:/Users/appfactory/Documents/workspace/maven-dependency/org/eclipse/jetty/websocket/websocket-common/9.4.7.v20170914/websocket-common-9.4.7.v20170914.jar:/Users/appfactory/Documents/workspace/maven-dependency/xerces/xercesImpl/2.11.0/xercesImpl-2.11.0.jar:/Users/appfactory/Documents/workspace/maven-dependency/org/yaml/snakeyaml/1.19/snakeyaml-1.19.jar:/Users/appfactory/Documents/workspace/maven-dependency/org/seleniumhq/selenium/selenium-java/3.10.0/selenium-java-3.10.0.jar:/Users/appfactory/Documents/workspace/maven-dependency/org/seleniumhq/selenium/selenium-api/3.10.0/selenium-api-3.10.0.jar:/Users/appfactory/Documents/workspace/maven-dependency/org/seleniumhq/selenium/selenium-chrome-driver/3.10.0/selenium-chrome-driver-3.10.0.jar:/Users/appfactory/Documents/workspace/maven-dependency/org/seleniumhq/selenium/selenium-edge-driver/3.10.0/selenium-edge-driver-3.10.0.jar:/Users/appfactory/Documents/workspace/maven-dependency/org/seleniumhq/selenium/selenium-remote-driver/3.10.0/selenium-remote-driver-3.10.0.jar:/Users/appfactory/Documents/workspace/maven-dependency/org/seleniumhq/selenium/selenium-safari-driver/3.10.0/selenium-safari-driver-3.10.0.jar:/Users/appfactory/Documents/workspace/maven-dependency/org/seleniumhq/selenium/selenium-support/3.10.0/selenium-support-3.10.0.jar:/Users/appfactory/Documents/workspace/maven-dependency/com/paulhammant/ngwebdriver/1.0/ngwebdriver-1.0.jar:/Users/appfactory/Documents/workspace/maven-dependency/com/codeborne/phantomjsdriver/1.4.3/phantomjsdriver-1.4.3.jar:/Users/appfactory/Documents/workspace/maven-dependency/org/eclipse/jetty/jetty-util/9.4.8.v20171121/jetty-util-9.4.8.v20171121.jar:/Users/appfactory/Documents/workspace/maven-dependency/org/eclipse/jetty/jetty-io/9.4.8.v20171121/jetty-io-9.4.8.v20171121.jar:/Users/appfactory/Documents/workspace/maven-dependency/org/seleniumhq/selenium/htmlunit-driver/2.29.0/htmlunit-driver-2.29.0.jar:/Users/appfactory/Documents/workspace/maven-dependency/io/appium/java-client/6.0.0-BETA2/java-client-6.0.0-BETA2.jar:/Users/appfactory/Documents/workspace/maven-dependency/commons-validator/commons-validator/1.6/commons-validator-1.6.jar:/Users/appfactory/Documents/workspace/maven-dependency/commons-beanutils/commons-beanutils/1.9.2/commons-beanutils-1.9.2.jar:/Users/appfactory/Documents/workspace/maven-dependency/commons-digester/commons-digester/1.8.1/commons-digester-1.8.1.jar:/Users/appfactory/Documents/workspace/maven-dependency/org/springframework/spring-context/5.0.2.RELEASE/spring-context-5.0.2.RELEASE.jar:/Users/appfactory/Documents/workspace/maven-dependency/org/springframework/spring-aop/5.0.2.RELEASE/spring-aop-5.0.2.RELEASE.jar:/Users/appfactory/Documents/workspace/maven-dependency/org/springframework/spring-beans/5.0.2.RELEASE/spring-beans-5.0.2.RELEASE.jar:/Users/appfactory/Documents/workspace/maven-dependency/org/springframework/spring-core/5.0.2.RELEASE/spring-core-5.0.2.RELEASE.jar:/Users/appfactory/Documents/workspace/maven-dependency/org/springframework/spring-jcl/5.0.2.RELEASE/spring-jcl-5.0.2.RELEASE.jar:/Users/appfactory/Documents/workspace/maven-dependency/org/springframework/spring-expression/5.0.2.RELEASE/spring-expression-5.0.2.RELEASE.jar:/Users/appfactory/Documents/workspace/maven-dependency/org/aspectj/aspectjweaver/1.8.13/aspectjweaver-1.8.13.jar:/Users/appfactory/Documents/workspace/maven-dependency/org/openpnp/opencv/3.2.0-1/opencv-3.2.0-1.jar:/Users/appfactory/Documents/workspace/maven-dependency/org/codehaus/groovy/groovy/2.4.12/groovy-2.4.12.jar:/Users/appfactory/Documents/workspace/maven-dependency/net/sf/opencsv/opencsv/2.0/opencsv-2.0.jar:/Users/appfactory/Documents/workspace/maven-dependency/commons-beanutils/commons-beanutils-core/1.8.3/commons-beanutils-core-1.8.3.jar:/Users/appfactory/Documents/workspace/maven-dependency/joda-time/joda-time/2.7/joda-time-2.7.jar:/Users/appfactory/Documents/workspace/maven-dependency/com/thoughtworks/xstream/xstream/1.4.9/xstream-1.4.9.jar:/Users/appfactory/Documents/workspace/maven-dependency/xmlpull/xmlpull/1.1.3.1/xmlpull-1.1.3.1.jar:/Users/appfactory/Documents/workspace/maven-dependency/xpp3/xpp3_min/1.1.4c/xpp3_min-1.1.4c.jar:/Users/appfactory/Documents/workspace/maven-dependency/org/apache/commons/commons-lang3/3.7/commons-lang3-3.7.jar:/Users/appfactory/Documents/workspace/maven-dependency/commons-collections/commons-collections/3.2.2/commons-collections-3.2.2.jar:/Users/appfactory/Documents/workspace/maven-dependency/org/freemarker/freemarker/2.3.23/freemarker-2.3.23.jar:/Users/appfactory/Documents/workspace/maven-dependency/net/sourceforge/jexcelapi/jxl/2.6.12/jxl-2.6.12.jar:/Users/appfactory/Documents/workspace/maven-dependency/org/hamcrest/hamcrest-core/1.3/hamcrest-core-1.3.jar:/Users/appfactory/Documents/workspace/maven-dependency/org/hamcrest/hamcrest-library/1.3/hamcrest-library-1.3.jar:/Users/appfactory/Documents/workspace/maven-dependency/net/sourceforge/htmlunit/htmlunit/2.29/htmlunit-2.29.jar:/Users/appfactory/Documents/workspace/maven-dependency/org/apache/httpcomponents/httpclient/4.5.4/httpclient-4.5.4.jar:/Users/appfactory/Documents/workspace/maven-dependency/org/apache/httpcomponents/httpmime/4.5.4/httpmime-4.5.4.jar:/Users/appfactory/Documents/workspace/maven-dependency/org/fluentlenium/fluentlenium-core/0.10.2/fluentlenium-core-0.10.2.jar:/Users/appfactory/Documents/workspace/maven-dependency/com/jhlabs/filters/2.0.235/filters-2.0.235.jar:/Users/appfactory/Documents/workspace/maven-dependency/org/asciidoctor/asciidoctor-java-integration/0.1.4/asciidoctor-java-integration-0.1.4.jar:/Users/appfactory/Documents/workspace/maven-dependency/org/jruby/jruby-complete/1.7.4/jruby-complete-1.7.4.jar:/Users/appfactory/Documents/workspace/maven-dependency/org/imgscalr/imgscalr-lib/4.2/imgscalr-lib-4.2.jar:/Users/appfactory/Documents/workspace/maven-dependency/javax/validation/validation-api/1.1.0.Final/validation-api-1.1.0.Final.jar:/Users/appfactory/Documents/workspace/maven-dependency/org/hibernate/hibernate-validator/5.1.1.Final/hibernate-validator-5.1.1.Final.jar:/Users/appfactory/Documents/workspace/maven-dependency/org/jboss/logging/jboss-logging/3.1.3.GA/jboss-logging-3.1.3.GA.jar:/Users/appfactory/Documents/workspace/maven-dependency/com/fasterxml/classmate/1.0.0/classmate-1.0.0.jar:/Users/appfactory/Documents/workspace/maven-dependency/javax/el/javax.el-api/2.2.4/javax.el-api-2.2.4.jar:/Users/appfactory/Documents/workspace/maven-dependency/org/glassfish/web/javax.el/2.2.4/javax.el-2.2.4.jar:/Users/appfactory/Documents/workspace/maven-dependency/xalan/xalan/2.7.2/xalan-2.7.2.jar:/Users/appfactory/Documents/workspace/maven-dependency/xalan/serializer/2.7.2/serializer-2.7.2.jar:/Users/appfactory/Documents/workspace/maven-dependency/org/awaitility/awaitility/3.0.0/awaitility-3.0.0.jar:/Users/appfactory/Documents/workspace/maven-dependency/com/typesafe/config/1.3.1/config-1.3.1.jar:/Users/appfactory/Documents/workspace/maven-dependency/org/jsoup/jsoup/1.10.3/jsoup-1.10.3.jar:/Users/appfactory/Documents/workspace/maven-dependency/com/google/jimfs/jimfs/1.1/jimfs-1.1.jar:/Users/appfactory/Documents/workspace/maven-dependency/es/nitaur/markdown/txtmark/0.16/txtmark-0.16.jar:/Users/appfactory/Documents/workspace/maven-dependency/com/vladsch/flexmark/flexmark-all/0.26.4/flexmark-all-0.26.4.jar:/Users/appfactory/Documents/workspace/maven-dependency/com/vladsch/flexmark/flexmark/0.26.4/flexmark-0.26.4.jar:/Users/appfactory/Documents/workspace/maven-dependency/com/vladsch/flexmark/flexmark-ext-abbreviation/0.26.4/flexmark-ext-abbreviation-0.26.4.jar:/Users/appfactory/Documents/workspace/maven-dependency/com/vladsch/flexmark/flexmark-ext-anchorlink/0.26.4/flexmark-ext-anchorlink-0.26.4.jar:/Users/appfactory/Documents/workspace/maven-dependency/com/vladsch/flexmark/flexmark-ext-aside/0.26.4/flexmark-ext-aside-0.26.4.jar:/Users/appfactory/Documents/workspace/maven-dependency/com/vladsch/flexmark/flexmark-ext-autolink/0.26.4/flexmark-ext-autolink-0.26.4.jar:/Users/appfactory/Documents/workspace/maven-dependency/org/nibor/autolink/autolink/0.6.0/autolink-0.6.0.jar:/Users/appfactory/Documents/workspace/maven-dependency/com/vladsch/flexmark/flexmark-ext-definition/0.26.4/flexmark-ext-definition-0.26.4.jar:/Users/appfactory/Documents/workspace/maven-dependency/com/vladsch/flexmark/flexmark-ext-emoji/0.26.4/flexmark-ext-emoji-0.26.4.jar:/Users/appfactory/Documents/workspace/maven-dependency/com/vladsch/flexmark/flexmark-ext-escaped-character/0.26.4/flexmark-ext-escaped-character-0.26.4.jar:/Users/appfactory/Documents/workspace/maven-dependency/com/vladsch/flexmark/flexmark-ext-footnotes/0.26.4/flexmark-ext-footnotes-0.26.4.jar:/Users/appfactory/Documents/workspace/maven-dependency/com/vladsch/flexmark/flexmark-ext-gfm-issues/0.26.4/flexmark-ext-gfm-issues-0.26.4.jar:/Users/appfactory/Documents/workspace/maven-dependency/com/vladsch/flexmark/flexmark-ext-gfm-strikethrough/0.26.4/flexmark-ext-gfm-strikethrough-0.26.4.jar:/Users/appfactory/Documents/workspace/maven-dependency/com/vladsch/flexmark/flexmark-ext-gfm-tables/0.26.4/flexmark-ext-gfm-tables-0.26.4.jar:/Users/appfactory/Documents/workspace/maven-dependency/com/vladsch/flexmark/flexmark-ext-gfm-tasklist/0.26.4/flexmark-ext-gfm-tasklist-0.26.4.jar:/Users/appfactory/Documents/workspace/maven-dependency/com/vladsch/flexmark/flexmark-ext-gfm-users/0.26.4/flexmark-ext-gfm-users-0.26.4.jar:/Users/appfactory/Documents/workspace/maven-dependency/com/vladsch/flexmark/flexmark-ext-jekyll-front-matter/0.26.4/flexmark-ext-jekyll-front-matter-0.26.4.jar:/Users/appfactory/Documents/workspace/maven-dependency/com/vladsch/flexmark/flexmark-ext-jekyll-tag/0.26.4/flexmark-ext-jekyll-tag-0.26.4.jar:/Users/appfactory/Documents/workspace/maven-dependency/com/vladsch/flexmark/flexmark-ext-ins/0.26.4/flexmark-ext-ins-0.26.4.jar:/Users/appfactory/Documents/workspace/maven-dependency/com/vladsch/flexmark/flexmark-ext-xwiki-macros/0.26.4/flexmark-ext-xwiki-macros-0.26.4.jar:/Users/appfactory/Documents/workspace/maven-dependency/com/vladsch/flexmark/flexmark-ext-superscript/0.26.4/flexmark-ext-superscript-0.26.4.jar:/Users/appfactory/Documents/workspace/maven-dependency/com/vladsch/flexmark/flexmark-ext-tables/0.26.4/flexmark-ext-tables-0.26.4.jar:/Users/appfactory/Documents/workspace/maven-dependency/com/vladsch/flexmark/flexmark-ext-toc/0.26.4/flexmark-ext-toc-0.26.4.jar:/Users/appfactory/Documents/workspace/maven-dependency/com/vladsch/flexmark/flexmark-ext-typographic/0.26.4/flexmark-ext-typographic-0.26.4.jar:/Users/appfactory/Documents/workspace/maven-dependency/com/vladsch/flexmark/flexmark-ext-wikilink/0.26.4/flexmark-ext-wikilink-0.26.4.jar:/Users/appfactory/Documents/workspace/maven-dependency/com/vladsch/flexmark/flexmark-ext-yaml-front-matter/0.26.4/flexmark-ext-yaml-front-matter-0.26.4.jar:/Users/appfactory/Documents/workspace/maven-dependency/com/vladsch/flexmark/flexmark-formatter/0.26.4/flexmark-formatter-0.26.4.jar:/Users/appfactory/Documents/workspace/maven-dependency/com/vladsch/flexmark/flexmark-html-parser/0.26.4/flexmark-html-parser-0.26.4.jar:/Users/appfactory/Documents/workspace/maven-dependency/com/vladsch/flexmark/flexmark-jira-converter/0.26.4/flexmark-jira-converter-0.26.4.jar:/Users/appfactory/Documents/workspace/maven-dependency/com/vladsch/flexmark/flexmark-pdf-converter/0.26.4/flexmark-pdf-converter-0.26.4.jar:/Users/appfactory/Documents/workspace/maven-dependency/com/openhtmltopdf/openhtmltopdf-core/0.0.1-RC9/openhtmltopdf-core-0.0.1-RC9.jar:/Users/appfactory/Documents/workspace/maven-dependency/com/openhtmltopdf/openhtmltopdf-pdfbox/0.0.1-RC9/openhtmltopdf-pdfbox-0.0.1-RC9.jar:/Users/appfactory/Documents/workspace/maven-dependency/org/apache/pdfbox/pdfbox/2.0.4/pdfbox-2.0.4.jar:/Users/appfactory/Documents/workspace/maven-dependency/org/apache/pdfbox/fontbox/2.0.4/fontbox-2.0.4.jar:/Users/appfactory/Documents/workspace/maven-dependency/com/openhtmltopdf/openhtmltopdf-rtl-support/0.0.1-RC9/openhtmltopdf-rtl-support-0.0.1-RC9.jar:/Users/appfactory/Documents/workspace/maven-dependency/com/ibm/icu/icu4j/58.1/icu4j-58.1.jar:/Users/appfactory/Documents/workspace/maven-dependency/com/openhtmltopdf/openhtmltopdf-jsoup-dom-converter/0.0.1-RC9/openhtmltopdf-jsoup-dom-converter-0.0.1-RC9.jar:/Users/appfactory/Documents/workspace/maven-dependency/com/vladsch/flexmark/flexmark-profile-pegdown/0.26.4/flexmark-profile-pegdown-0.26.4.jar:/Users/appfactory/Documents/workspace/maven-dependency/com/vladsch/flexmark/flexmark-util/0.26.4/flexmark-util-0.26.4.jar:/Users/appfactory/Documents/workspace/maven-dependency/com/vladsch/flexmark/flexmark-youtrack-converter/0.26.4/flexmark-youtrack-converter-0.26.4.jar:/Users/appfactory/Documents/workspace/maven-dependency/net/serenity-bdd/serenity-rest-assured/1.9.4/serenity-rest-assured-1.9.4.jar:/Users/appfactory/Documents/workspace/maven-dependency/io/rest-assured/rest-assured/3.0.5/rest-assured-3.0.5.jar:/Users/appfactory/Documents/workspace/maven-dependency/org/codehaus/groovy/groovy-xml/2.4.9/groovy-xml-2.4.9.jar:/Users/appfactory/Documents/workspace/maven-dependency/org/ccil/cowan/tagsoup/tagsoup/1.2.1/tagsoup-1.2.1.jar:/Users/appfactory/Documents/workspace/maven-dependency/io/rest-assured/json-path/3.0.5/json-path-3.0.5.jar:/Users/appfactory/Documents/workspace/maven-dependency/org/codehaus/groovy/groovy-json/2.4.9/groovy-json-2.4.9.jar:/Users/appfactory/Documents/workspace/maven-dependency/io/rest-assured/rest-assured-common/3.0.5/rest-assured-common-3.0.5.jar:/Users/appfactory/Documents/workspace/maven-dependency/io/rest-assured/xml-path/3.0.5/xml-path-3.0.5.jar:/Users/appfactory/Documents/workspace/maven-dependency/net/serenity-bdd/serenity-jbehave/1.38.0/serenity-jbehave-1.38.0.jar:/Users/appfactory/Documents/workspace/maven-dependency/org/codehaus/groovy/groovy-all/2.4.13/groovy-all-2.4.13.jar:/Users/appfactory/Documents/workspace/maven-dependency/com/thoughtworks/paranamer/paranamer/2.8/paranamer-2.8.jar:/Users/appfactory/Documents/workspace/maven-dependency/com/github/valfirst/jbehave-junit-runner/2.1.2/jbehave-junit-runner-2.1.2.jar:/Users/appfactory/Documents/workspace/maven-dependency/org/reflections/reflections/0.9.11/reflections-0.9.11.jar:/Users/appfactory/Documents/workspace/maven-dependency/org/javassist/javassist/3.21.0-GA/javassist-3.21.0-GA.jar:/Users/appfactory/Documents/workspace/maven-dependency/org/jbehave/jbehave-core/4.1.3/jbehave-core-4.1.3.jar:/Users/appfactory/Documents/workspace/maven-dependency/org/hamcrest/hamcrest-integration/1.3/hamcrest-integration-1.3.jar:/Users/appfactory/Documents/workspace/maven-dependency/org/apache/commons/commons-collections4/4.1/commons-collections4-4.1.jar:/Users/appfactory/Documents/workspace/maven-dependency/org/codehaus/plexus/plexus-utils/3.0.22/plexus-utils-3.0.22.jar:/Users/appfactory/Documents/workspace/maven-dependency/net/serenity-bdd/serenity-jira-requirements-provider/1.9.0/serenity-jira-requirements-provider-1.9.0.jar:/Users/appfactory/Documents/workspace/maven-dependency/net/serenity-bdd/serenity-jira-plugin/1.9.0/serenity-jira-plugin-1.9.0.jar:/Users/appfactory/Documents/workspace/maven-dependency/org/glassfish/jersey/core/jersey-client/2.25.1/jersey-client-2.25.1.jar:/Users/appfactory/Documents/workspace/maven-dependency/org/glassfish/jersey/core/jersey-common/2.25.1/jersey-common-2.25.1.jar:/Users/appfactory/Documents/workspace/maven-dependency/javax/annotation/javax.annotation-api/1.2/javax.annotation-api-1.2.jar:/Users/appfactory/Documents/workspace/maven-dependency/org/glassfish/jersey/bundles/repackaged/jersey-guava/2.25.1/jersey-guava-2.25.1.jar:/Users/appfactory/Documents/workspace/maven-dependency/org/glassfish/hk2/osgi-resource-locator/1.0.1/osgi-resource-locator-1.0.1.jar:/Users/appfactory/Documents/workspace/maven-dependency/org/glassfish/hk2/hk2-api/2.5.0-b32/hk2-api-2.5.0-b32.jar:/Users/appfactory/Documents/workspace/maven-dependency/org/glassfish/hk2/hk2-utils/2.5.0-b32/hk2-utils-2.5.0-b32.jar:/Users/appfactory/Documents/workspace/maven-dependency/org/glassfish/hk2/external/aopalliance-repackaged/2.5.0-b32/aopalliance-repackaged-2.5.0-b32.jar:/Users/appfactory/Documents/workspace/maven-dependency/org/glassfish/hk2/external/javax.inject/2.5.0-b32/javax.inject-2.5.0-b32.jar:/Users/appfactory/Documents/workspace/maven-dependency/org/glassfish/hk2/hk2-locator/2.5.0-b32/hk2-locator-2.5.0-b32.jar:/Users/appfactory/Documents/workspace/maven-dependency/javax/ws/rs/javax.ws.rs-api/2.0.1/javax.ws.rs-api-2.0.1.jar:/Users/appfactory/Documents/workspace/maven-dependency/org/slf4j/slf4j-simple/1.8.0-beta2/slf4j-simple-1.8.0-beta2.jar:/Users/appfactory/Documents/workspace/maven-dependency/junit/junit/4.12/junit-4.12.jar:/Users/appfactory/Documents/workspace/maven-dependency/com/jcabi/jcabi-aspects/0.22.6/jcabi-aspects-0.22.6.jar:/Users/appfactory/Documents/workspace/maven-dependency/org/aspectj/aspectjrt/1.8.7/aspectjrt-1.8.7.jar:/Users/appfactory/Documents/workspace/maven-dependency/com/jcabi/jcabi-log/0.18/jcabi-log-0.18.jar:/Users/appfactory/Documents/workspace/maven-dependency/org/assertj/assertj-core/3.9.1/assertj-core-3.9.1.jar:/Users/appfactory/Documents/workspace/maven-dependency/com/googlecode/lambdaj/lambdaj/2.3.3/lambdaj-2.3.3.jar:/Users/appfactory/Documents/workspace/maven-dependency/org/hamcrest/hamcrest-all/1.1/hamcrest-all-1.1.jar:/Users/appfactory/Documents/workspace/maven-dependency/cglib/cglib-nodep/2.2/cglib-nodep-2.2.jar:"/>
    <property name="java.vm.vendor" value="Oracle Corporation"/>
    <property name="sun.arch.data.model" value="64"/>
    <property name="java.vendor.url" value="http://java.oracle.com/"/>
    <property name="user.timezone" value=""/>
    <property name="java.vm.specification.version" value="1.8"/>
    <property name="os.name" value="Mac OS X"/>
    <property name="user.country" value="GB"/>
    <property name="sun.java.launcher" value="SUN_STANDARD"/>
    <property name="sun.boot.library.path" value="/Library/Java/JavaVirtualMachines/jdk1.8.0_162.jdk/Contents/Home/jre/lib"/>
    <property name="sun.java.command" value="/Users/appfactory/Documents/workspace/euexit-api-bdd/target/surefire/surefirebooter5395718220699297561.jar /Users/appfactory/Documents/workspace/euexit-api-bdd/target/surefire 2018-04-10T10-06-53_949-jvmRun1 surefire3891935171134635575tmp surefire_04202655074464471992tmp"/>
    <property name="http.nonProxyHosts" value="local|*.local|169.254/16|*.169.254/16"/>
    <property name="webdriver.driver" value="firefox"/>
    <property name="surefire.test.class.path" value="/Users/appfactory/Documents/workspace/euexit-api-bdd/target/test-classes:/Users/appfactory/Documents/workspace/euexit-api-bdd/target/euexit-api-bdd-1.0.0.jar:/Users/appfactory/Documents/workspace/maven-dependency/net/serenity-bdd/serenity-core/1.9.4/serenity-core-1.9.4.jar:/Users/appfactory/Documents/workspace/maven-dependency/com/google/guava/guava/23.6-jre/guava-23.6-jre.jar:/Users/appfactory/Documents/workspace/maven-dependency/com/google/code/findbugs/jsr305/1.3.9/jsr305-1.3.9.jar:/Users/appfactory/Documents/workspace/maven-dependency/org/checkerframework/checker-compat-qual/2.0.0/checker-compat-qual-2.0.0.jar:/Users/appfactory/Documents/workspace/maven-dependency/com/google/errorprone/error_prone_annotations/2.1.3/error_prone_annotations-2.1.3.jar:/Users/appfactory/Documents/workspace/maven-dependency/com/google/j2objc/j2objc-annotations/1.1/j2objc-annotations-1.1.jar:/Users/appfactory/Documents/workspace/maven-dependency/org/codehaus/mojo/animal-sniffer-annotations/1.14/animal-sniffer-annotations-1.14.jar:/Users/appfactory/Documents/workspace/maven-dependency/com/google/inject/guice/4.1.0/guice-4.1.0.jar:/Users/appfactory/Documents/workspace/maven-dependency/javax/inject/javax.inject/1/javax.inject-1.jar:/Users/appfactory/Documents/workspace/maven-dependency/aopalliance/aopalliance/1.0/aopalliance-1.0.jar:/Users/appfactory/Documents/workspace/maven-dependency/cglib/cglib/3.2.5/cglib-3.2.5.jar:/Users/appfactory/Documents/workspace/maven-dependency/org/apache/ant/ant/1.9.6/ant-1.9.6.jar:/Users/appfactory/Documents/workspace/maven-dependency/org/apache/ant/ant-launcher/1.9.6/ant-launcher-1.9.6.jar:/Users/appfactory/Documents/workspace/maven-dependency/org/ow2/asm/asm/5.0.3/asm-5.0.3.jar:/Users/appfactory/Documents/workspace/maven-dependency/commons-codec/commons-codec/1.10/commons-codec-1.10.jar:/Users/appfactory/Documents/workspace/maven-dependency/org/objenesis/objenesis/2.6/objenesis-2.6.jar:/Users/appfactory/Documents/workspace/maven-dependency/org/slf4j/slf4j-api/1.7.21/slf4j-api-1.7.21.jar:/Users/appfactory/Documents/workspace/maven-dependency/xml-apis/xml-apis/1.4.01/xml-apis-1.4.01.jar:/Users/appfactory/Documents/workspace/maven-dependency/io/cucumber/cucumber-core/2.3.0/cucumber-core-2.3.0.jar:/Users/appfactory/Documents/workspace/maven-dependency/info/cukes/cucumber-html/0.2.6/cucumber-html-0.2.6.jar:/Users/appfactory/Documents/workspace/maven-dependency/io/cucumber/cucumber-jvm-deps/1.0.6/cucumber-jvm-deps-1.0.6.jar:/Users/appfactory/Documents/workspace/maven-dependency/io/cucumber/gherkin/5.0.0/gherkin-5.0.0.jar:/Users/appfactory/Documents/workspace/maven-dependency/io/cucumber/tag-expressions/1.1.1/tag-expressions-1.1.1.jar:/Users/appfactory/Documents/workspace/maven-dependency/commons-logging/commons-logging/1.2/commons-logging-1.2.jar:/Users/appfactory/Documents/workspace/maven-dependency/org/mockito/mockito-core/1.10.19/mockito-core-1.10.19.jar:/Users/appfactory/Documents/workspace/maven-dependency/net/bytebuddy/byte-buddy/1.7.9/byte-buddy-1.7.9.jar:/Users/appfactory/Documents/workspace/maven-dependency/io/vavr/vavr/0.9.0/vavr-0.9.0.jar:/Users/appfactory/Documents/workspace/maven-dependency/io/vavr/vavr-match/0.9.0/vavr-match-0.9.0.jar:/Users/appfactory/Documents/workspace/maven-dependency/net/serenity-bdd/serenity-report-resources/1.9.4/serenity-report-resources-1.9.4.jar:/Users/appfactory/Documents/workspace/maven-dependency/com/google/code/gson/gson/2.8.2/gson-2.8.2.jar:/Users/appfactory/Documents/workspace/maven-dependency/commons-io/commons-io/2.6/commons-io-2.6.jar:/Users/appfactory/Documents/workspace/maven-dependency/com/opera/operadriver/1.5/operadriver-1.5.jar:/Users/appfactory/Documents/workspace/maven-dependency/com/opera/operalaunchers/1.1/operalaunchers-1.1.jar:/Users/appfactory/Documents/workspace/maven-dependency/com/google/protobuf/protobuf-java/2.4.1/protobuf-java-2.4.1.jar:/Users/appfactory/Documents/workspace/maven-dependency/commons-jxpath/commons-jxpath/1.3/commons-jxpath-1.3.jar:/Users/appfactory/Documents/workspace/maven-dependency/org/ini4j/ini4j/0.5.2/ini4j-0.5.2.jar:/Users/appfactory/Documents/workspace/maven-dependency/org/seleniumhq/selenium/selenium-server/3.10.0/selenium-server-3.10.0.jar:/Users/appfactory/Documents/workspace/maven-dependency/org/seleniumhq/selenium/selenium-firefox-driver/3.10.0/selenium-firefox-driver-3.10.0.jar:/Users/appfactory/Documents/workspace/maven-dependency/org/seleniumhq/selenium/selenium-ie-driver/3.10.0/selenium-ie-driver-3.10.0.jar:/Users/appfactory/Documents/workspace/maven-dependency/org/seleniumhq/selenium/selenium-opera-driver/3.10.0/selenium-opera-driver-3.10.0.jar:/Users/appfactory/Documents/workspace/maven-dependency/com/beust/jcommander/1.72/jcommander-1.72.jar:/Users/appfactory/Documents/workspace/maven-dependency/org/apache/commons/commons-exec/1.3/commons-exec-1.3.jar:/Users/appfactory/Documents/workspace/maven-dependency/org/apache/commons/commons-text/1.1/commons-text-1.1.jar:/Users/appfactory/Documents/workspace/maven-dependency/commons-net/commons-net/3.6/commons-net-3.6.jar:/Users/appfactory/Documents/workspace/maven-dependency/org/w3c/css/sac/1.3/sac-1.3.jar:/Users/appfactory/Documents/workspace/maven-dependency/net/sourceforge/cssparser/cssparser/0.9.24/cssparser-0.9.24.jar:/Users/appfactory/Documents/workspace/maven-dependency/net/sourceforge/htmlunit/htmlunit-core-js/2.28/htmlunit-core-js-2.28.jar:/Users/appfactory/Documents/workspace/maven-dependency/net/sourceforge/htmlunit/neko-htmlunit/2.28/neko-htmlunit-2.28.jar:/Users/appfactory/Documents/workspace/maven-dependency/org/apache/httpcomponents/httpcore/4.4.6/httpcore-4.4.6.jar:/Users/appfactory/Documents/workspace/maven-dependency/net/jcip/jcip-annotations/1.0/jcip-annotations-1.0.jar:/Users/appfactory/Documents/workspace/maven-dependency/org/seleniumhq/selenium/jetty-repacked/9.4.7.v20171121/jetty-repacked-9.4.7.v20171121.jar:/Users/appfactory/Documents/workspace/maven-dependency/org/eclipse/jetty/jetty-client/9.4.7.v20170914/jetty-client-9.4.7.v20170914.jar:/Users/appfactory/Documents/workspace/maven-dependency/org/eclipse/jetty/jetty-http/9.4.8.v20171121/jetty-http-9.4.8.v20171121.jar:/Users/appfactory/Documents/workspace/maven-dependency/org/eclipse/jetty/jetty-xml/9.4.7.v20170914/jetty-xml-9.4.7.v20170914.jar:/Users/appfactory/Documents/workspace/maven-dependency/com/squareup/okhttp3/okhttp/3.9.1/okhttp-3.9.1.jar:/Users/appfactory/Documents/workspace/maven-dependency/com/squareup/okio/okio/1.13.0/okio-1.13.0.jar:/Users/appfactory/Documents/workspace/maven-dependency/javax/servlet/javax.servlet-api/3.1.0/javax.servlet-api-3.1.0.jar:/Users/appfactory/Documents/workspace/maven-dependency/org/eclipse/jetty/websocket/websocket-api/9.4.7.v20170914/websocket-api-9.4.7.v20170914.jar:/Users/appfactory/Documents/workspace/maven-dependency/org/eclipse/jetty/websocket/websocket-client/9.4.7.v20170914/websocket-client-9.4.7.v20170914.jar:/Users/appfactory/Documents/workspace/maven-dependency/org/eclipse/jetty/websocket/websocket-common/9.4.7.v20170914/websocket-common-9.4.7.v20170914.jar:/Users/appfactory/Documents/workspace/maven-dependency/xerces/xercesImpl/2.11.0/xercesImpl-2.11.0.jar:/Users/appfactory/Documents/workspace/maven-dependency/org/yaml/snakeyaml/1.19/snakeyaml-1.19.jar:/Users/appfactory/Documents/workspace/maven-dependency/org/seleniumhq/selenium/selenium-java/3.10.0/selenium-java-3.10.0.jar:/Users/appfactory/Documents/workspace/maven-dependency/org/seleniumhq/selenium/selenium-api/3.10.0/selenium-api-3.10.0.jar:/Users/appfactory/Documents/workspace/maven-dependency/org/seleniumhq/selenium/selenium-chrome-driver/3.10.0/selenium-chrome-driver-3.10.0.jar:/Users/appfactory/Documents/workspace/maven-dependency/org/seleniumhq/selenium/selenium-edge-driver/3.10.0/selenium-edge-driver-3.10.0.jar:/Users/appfactory/Documents/workspace/maven-dependency/org/seleniumhq/selenium/selenium-remote-driver/3.10.0/selenium-remote-driver-3.10.0.jar:/Users/appfactory/Documents/workspace/maven-dependency/org/seleniumhq/selenium/selenium-safari-driver/3.10.0/selenium-safari-driver-3.10.0.jar:/Users/appfactory/Documents/workspace/maven-dependency/org/seleniumhq/selenium/selenium-support/3.10.0/selenium-support-3.10.0.jar:/Users/appfactory/Documents/workspace/maven-dependency/com/paulhammant/ngwebdriver/1.0/ngwebdriver-1.0.jar:/Users/appfactory/Documents/workspace/maven-dependency/com/codeborne/phantomjsdriver/1.4.3/phantomjsdriver-1.4.3.jar:/Users/appfactory/Documents/workspace/maven-dependency/org/eclipse/jetty/jetty-util/9.4.8.v20171121/jetty-util-9.4.8.v20171121.jar:/Users/appfactory/Documents/workspace/maven-dependency/org/eclipse/jetty/jetty-io/9.4.8.v20171121/jetty-io-9.4.8.v20171121.jar:/Users/appfactory/Documents/workspace/maven-dependency/org/seleniumhq/selenium/htmlunit-driver/2.29.0/htmlunit-driver-2.29.0.jar:/Users/appfactory/Documents/workspace/maven-dependency/io/appium/java-client/6.0.0-BETA2/java-client-6.0.0-BETA2.jar:/Users/appfactory/Documents/workspace/maven-dependency/commons-validator/commons-validator/1.6/commons-validator-1.6.jar:/Users/appfactory/Documents/workspace/maven-dependency/commons-beanutils/commons-beanutils/1.9.2/commons-beanutils-1.9.2.jar:/Users/appfactory/Documents/workspace/maven-dependency/commons-digester/commons-digester/1.8.1/commons-digester-1.8.1.jar:/Users/appfactory/Documents/workspace/maven-dependency/org/springframework/spring-context/5.0.2.RELEASE/spring-context-5.0.2.RELEASE.jar:/Users/appfactory/Documents/workspace/maven-dependency/org/springframework/spring-aop/5.0.2.RELEASE/spring-aop-5.0.2.RELEASE.jar:/Users/appfactory/Documents/workspace/maven-dependency/org/springframework/spring-beans/5.0.2.RELEASE/spring-beans-5.0.2.RELEASE.jar:/Users/appfactory/Documents/workspace/maven-dependency/org/springframework/spring-core/5.0.2.RELEASE/spring-core-5.0.2.RELEASE.jar:/Users/appfactory/Documents/workspace/maven-dependency/org/springframework/spring-jcl/5.0.2.RELEASE/spring-jcl-5.0.2.RELEASE.jar:/Users/appfactory/Documents/workspace/maven-dependency/org/springframework/spring-expression/5.0.2.RELEASE/spring-expression-5.0.2.RELEASE.jar:/Users/appfactory/Documents/workspace/maven-dependency/org/aspectj/aspectjweaver/1.8.13/aspectjweaver-1.8.13.jar:/Users/appfactory/Documents/workspace/maven-dependency/org/openpnp/opencv/3.2.0-1/opencv-3.2.0-1.jar:/Users/appfactory/Documents/workspace/maven-dependency/org/codehaus/groovy/groovy/2.4.12/groovy-2.4.12.jar:/Users/appfactory/Documents/workspace/maven-dependency/net/sf/opencsv/opencsv/2.0/opencsv-2.0.jar:/Users/appfactory/Documents/workspace/maven-dependency/commons-beanutils/commons-beanutils-core/1.8.3/commons-beanutils-core-1.8.3.jar:/Users/appfactory/Documents/workspace/maven-dependency/joda-time/joda-time/2.7/joda-time-2.7.jar:/Users/appfactory/Documents/workspace/maven-dependency/com/thoughtworks/xstream/xstream/1.4.9/xstream-1.4.9.jar:/Users/appfactory/Documents/workspace/maven-dependency/xmlpull/xmlpull/1.1.3.1/xmlpull-1.1.3.1.jar:/Users/appfactory/Documents/workspace/maven-dependency/xpp3/xpp3_min/1.1.4c/xpp3_min-1.1.4c.jar:/Users/appfactory/Documents/workspace/maven-dependency/org/apache/commons/commons-lang3/3.7/commons-lang3-3.7.jar:/Users/appfactory/Documents/workspace/maven-dependency/commons-collections/commons-collections/3.2.2/commons-collections-3.2.2.jar:/Users/appfactory/Documents/workspace/maven-dependency/org/freemarker/freemarker/2.3.23/freemarker-2.3.23.jar:/Users/appfactory/Documents/workspace/maven-dependency/net/sourceforge/jexcelapi/jxl/2.6.12/jxl-2.6.12.jar:/Users/appfactory/Documents/workspace/maven-dependency/org/hamcrest/hamcrest-core/1.3/hamcrest-core-1.3.jar:/Users/appfactory/Documents/workspace/maven-dependency/org/hamcrest/hamcrest-library/1.3/hamcrest-library-1.3.jar:/Users/appfactory/Documents/workspace/maven-dependency/net/sourceforge/htmlunit/htmlunit/2.29/htmlunit-2.29.jar:/Users/appfactory/Documents/workspace/maven-dependency/org/apache/httpcomponents/httpclient/4.5.4/httpclient-4.5.4.jar:/Users/appfactory/Documents/workspace/maven-dependency/org/apache/httpcomponents/httpmime/4.5.4/httpmime-4.5.4.jar:/Users/appfactory/Documents/workspace/maven-dependency/org/fluentlenium/fluentlenium-core/0.10.2/fluentlenium-core-0.10.2.jar:/Users/appfactory/Documents/workspace/maven-dependency/com/jhlabs/filters/2.0.235/filters-2.0.235.jar:/Users/appfactory/Documents/workspace/maven-dependency/org/asciidoctor/asciidoctor-java-integration/0.1.4/asciidoctor-java-integration-0.1.4.jar:/Users/appfactory/Documents/workspace/maven-dependency/org/jruby/jruby-complete/1.7.4/jruby-complete-1.7.4.jar:/Users/appfactory/Documents/workspace/maven-dependency/org/imgscalr/imgscalr-lib/4.2/imgscalr-lib-4.2.jar:/Users/appfactory/Documents/workspace/maven-dependency/javax/validation/validation-api/1.1.0.Final/validation-api-1.1.0.Final.jar:/Users/appfactory/Documents/workspace/maven-dependency/org/hibernate/hibernate-validator/5.1.1.Final/hibernate-validator-5.1.1.Final.jar:/Users/appfactory/Documents/workspace/maven-dependency/org/jboss/logging/jboss-logging/3.1.3.GA/jboss-logging-3.1.3.GA.jar:/Users/appfactory/Documents/workspace/maven-dependency/com/fasterxml/classmate/1.0.0/classmate-1.0.0.jar:/Users/appfactory/Documents/workspace/maven-dependency/javax/el/javax.el-api/2.2.4/javax.el-api-2.2.4.jar:/Users/appfactory/Documents/workspace/maven-dependency/org/glassfish/web/javax.el/2.2.4/javax.el-2.2.4.jar:/Users/appfactory/Documents/workspace/maven-dependency/xalan/xalan/2.7.2/xalan-2.7.2.jar:/Users/appfactory/Documents/workspace/maven-dependency/xalan/serializer/2.7.2/serializer-2.7.2.jar:/Users/appfactory/Documents/workspace/maven-dependency/org/awaitility/awaitility/3.0.0/awaitility-3.0.0.jar:/Users/appfactory/Documents/workspace/maven-dependency/com/typesafe/config/1.3.1/config-1.3.1.jar:/Users/appfactory/Documents/workspace/maven-dependency/org/jsoup/jsoup/1.10.3/jsoup-1.10.3.jar:/Users/appfactory/Documents/workspace/maven-dependency/com/google/jimfs/jimfs/1.1/jimfs-1.1.jar:/Users/appfactory/Documents/workspace/maven-dependency/es/nitaur/markdown/txtmark/0.16/txtmark-0.16.jar:/Users/appfactory/Documents/workspace/maven-dependency/com/vladsch/flexmark/flexmark-all/0.26.4/flexmark-all-0.26.4.jar:/Users/appfactory/Documents/workspace/maven-dependency/com/vladsch/flexmark/flexmark/0.26.4/flexmark-0.26.4.jar:/Users/appfactory/Documents/workspace/maven-dependency/com/vladsch/flexmark/flexmark-ext-abbreviation/0.26.4/flexmark-ext-abbreviation-0.26.4.jar:/Users/appfactory/Documents/workspace/maven-dependency/com/vladsch/flexmark/flexmark-ext-anchorlink/0.26.4/flexmark-ext-anchorlink-0.26.4.jar:/Users/appfactory/Documents/workspace/maven-dependency/com/vladsch/flexmark/flexmark-ext-aside/0.26.4/flexmark-ext-aside-0.26.4.jar:/Users/appfactory/Documents/workspace/maven-dependency/com/vladsch/flexmark/flexmark-ext-autolink/0.26.4/flexmark-ext-autolink-0.26.4.jar:/Users/appfactory/Documents/workspace/maven-dependency/org/nibor/autolink/autolink/0.6.0/autolink-0.6.0.jar:/Users/appfactory/Documents/workspace/maven-dependency/com/vladsch/flexmark/flexmark-ext-definition/0.26.4/flexmark-ext-definition-0.26.4.jar:/Users/appfactory/Documents/workspace/maven-dependency/com/vladsch/flexmark/flexmark-ext-emoji/0.26.4/flexmark-ext-emoji-0.26.4.jar:/Users/appfactory/Documents/workspace/maven-dependency/com/vladsch/flexmark/flexmark-ext-escaped-character/0.26.4/flexmark-ext-escaped-character-0.26.4.jar:/Users/appfactory/Documents/workspace/maven-dependency/com/vladsch/flexmark/flexmark-ext-footnotes/0.26.4/flexmark-ext-footnotes-0.26.4.jar:/Users/appfactory/Documents/workspace/maven-dependency/com/vladsch/flexmark/flexmark-ext-gfm-issues/0.26.4/flexmark-ext-gfm-issues-0.26.4.jar:/Users/appfactory/Documents/workspace/maven-dependency/com/vladsch/flexmark/flexmark-ext-gfm-strikethrough/0.26.4/flexmark-ext-gfm-strikethrough-0.26.4.jar:/Users/appfactory/Documents/workspace/maven-dependency/com/vladsch/flexmark/flexmark-ext-gfm-tables/0.26.4/flexmark-ext-gfm-tables-0.26.4.jar:/Users/appfactory/Documents/workspace/maven-dependency/com/vladsch/flexmark/flexmark-ext-gfm-tasklist/0.26.4/flexmark-ext-gfm-tasklist-0.26.4.jar:/Users/appfactory/Documents/workspace/maven-dependency/com/vladsch/flexmark/flexmark-ext-gfm-users/0.26.4/flexmark-ext-gfm-users-0.26.4.jar:/Users/appfactory/Documents/workspace/maven-dependency/com/vladsch/flexmark/flexmark-ext-jekyll-front-matter/0.26.4/flexmark-ext-jekyll-front-matter-0.26.4.jar:/Users/appfactory/Documents/workspace/maven-dependency/com/vladsch/flexmark/flexmark-ext-jekyll-tag/0.26.4/flexmark-ext-jekyll-tag-0.26.4.jar:/Users/appfactory/Documents/workspace/maven-dependency/com/vladsch/flexmark/flexmark-ext-ins/0.26.4/flexmark-ext-ins-0.26.4.jar:/Users/appfactory/Documents/workspace/maven-dependency/com/vladsch/flexmark/flexmark-ext-xwiki-macros/0.26.4/flexmark-ext-xwiki-macros-0.26.4.jar:/Users/appfactory/Documents/workspace/maven-dependency/com/vladsch/flexmark/flexmark-ext-superscript/0.26.4/flexmark-ext-superscript-0.26.4.jar:/Users/appfactory/Documents/workspace/maven-dependency/com/vladsch/flexmark/flexmark-ext-tables/0.26.4/flexmark-ext-tables-0.26.4.jar:/Users/appfactory/Documents/workspace/maven-dependency/com/vladsch/flexmark/flexmark-ext-toc/0.26.4/flexmark-ext-toc-0.26.4.jar:/Users/appfactory/Documents/workspace/maven-dependency/com/vladsch/flexmark/flexmark-ext-typographic/0.26.4/flexmark-ext-typographic-0.26.4.jar:/Users/appfactory/Documents/workspace/maven-dependency/com/vladsch/flexmark/flexmark-ext-wikilink/0.26.4/flexmark-ext-wikilink-0.26.4.jar:/Users/appfactory/Documents/workspace/maven-dependency/com/vladsch/flexmark/flexmark-ext-yaml-front-matter/0.26.4/flexmark-ext-yaml-front-matter-0.26.4.jar:/Users/appfactory/Documents/workspace/maven-dependency/com/vladsch/flexmark/flexmark-formatter/0.26.4/flexmark-formatter-0.26.4.jar:/Users/appfactory/Documents/workspace/maven-dependency/com/vladsch/flexmark/flexmark-html-parser/0.26.4/flexmark-html-parser-0.26.4.jar:/Users/appfactory/Documents/workspace/maven-dependency/com/vladsch/flexmark/flexmark-jira-converter/0.26.4/flexmark-jira-converter-0.26.4.jar:/Users/appfactory/Documents/workspace/maven-dependency/com/vladsch/flexmark/flexmark-pdf-converter/0.26.4/flexmark-pdf-converter-0.26.4.jar:/Users/appfactory/Documents/workspace/maven-dependency/com/openhtmltopdf/openhtmltopdf-core/0.0.1-RC9/openhtmltopdf-core-0.0.1-RC9.jar:/Users/appfactory/Documents/workspace/maven-dependency/com/openhtmltopdf/openhtmltopdf-pdfbox/0.0.1-RC9/openhtmltopdf-pdfbox-0.0.1-RC9.jar:/Users/appfactory/Documents/workspace/maven-dependency/org/apache/pdfbox/pdfbox/2.0.4/pdfbox-2.0.4.jar:/Users/appfactory/Documents/workspace/maven-dependency/org/apache/pdfbox/fontbox/2.0.4/fontbox-2.0.4.jar:/Users/appfactory/Documents/workspace/maven-dependency/com/openhtmltopdf/openhtmltopdf-rtl-support/0.0.1-RC9/openhtmltopdf-rtl-support-0.0.1-RC9.jar:/Users/appfactory/Documents/workspace/maven-dependency/com/ibm/icu/icu4j/58.1/icu4j-58.1.jar:/Users/appfactory/Documents/workspace/maven-dependency/com/openhtmltopdf/openhtmltopdf-jsoup-dom-converter/0.0.1-RC9/openhtmltopdf-jsoup-dom-converter-0.0.1-RC9.jar:/Users/appfactory/Documents/workspace/maven-dependency/com/vladsch/flexmark/flexmark-profile-pegdown/0.26.4/flexmark-profile-pegdown-0.26.4.jar:/Users/appfactory/Documents/workspace/maven-dependency/com/vladsch/flexmark/flexmark-util/0.26.4/flexmark-util-0.26.4.jar:/Users/appfactory/Documents/workspace/maven-dependency/com/vladsch/flexmark/flexmark-youtrack-converter/0.26.4/flexmark-youtrack-converter-0.26.4.jar:/Users/appfactory/Documents/workspace/maven-dependency/net/serenity-bdd/serenity-rest-assured/1.9.4/serenity-rest-assured-1.9.4.jar:/Users/appfactory/Documents/workspace/maven-dependency/io/rest-assured/rest-assured/3.0.5/rest-assured-3.0.5.jar:/Users/appfactory/Documents/workspace/maven-dependency/org/codehaus/groovy/groovy-xml/2.4.9/groovy-xml-2.4.9.jar:/Users/appfactory/Documents/workspace/maven-dependency/org/ccil/cowan/tagsoup/tagsoup/1.2.1/tagsoup-1.2.1.jar:/Users/appfactory/Documents/workspace/maven-dependency/io/rest-assured/json-path/3.0.5/json-path-3.0.5.jar:/Users/appfactory/Documents/workspace/maven-dependency/org/codehaus/groovy/groovy-json/2.4.9/groovy-json-2.4.9.jar:/Users/appfactory/Documents/workspace/maven-dependency/io/rest-assured/rest-assured-common/3.0.5/rest-assured-common-3.0.5.jar:/Users/appfactory/Documents/workspace/maven-dependency/io/rest-assured/xml-path/3.0.5/xml-path-3.0.5.jar:/Users/appfactory/Documents/workspace/maven-dependency/net/serenity-bdd/serenity-jbehave/1.38.0/serenity-jbehave-1.38.0.jar:/Users/appfactory/Documents/workspace/maven-dependency/org/codehaus/groovy/groovy-all/2.4.13/groovy-all-2.4.13.jar:/Users/appfactory/Documents/workspace/maven-dependency/com/thoughtworks/paranamer/paranamer/2.8/paranamer-2.8.jar:/Users/appfactory/Documents/workspace/maven-dependency/com/github/valfirst/jbehave-junit-runner/2.1.2/jbehave-junit-runner-2.1.2.jar:/Users/appfactory/Documents/workspace/maven-dependency/org/reflections/reflections/0.9.11/reflections-0.9.11.jar:/Users/appfactory/Documents/workspace/maven-dependency/org/javassist/javassist/3.21.0-GA/javassist-3.21.0-GA.jar:/Users/appfactory/Documents/workspace/maven-dependency/org/jbehave/jbehave-core/4.1.3/jbehave-core-4.1.3.jar:/Users/appfactory/Documents/workspace/maven-dependency/org/hamcrest/hamcrest-integration/1.3/hamcrest-integration-1.3.jar:/Users/appfactory/Documents/workspace/maven-dependency/org/apache/commons/commons-collections4/4.1/commons-collections4-4.1.jar:/Users/appfactory/Documents/workspace/maven-dependency/org/codehaus/plexus/plexus-utils/3.0.22/plexus-utils-3.0.22.jar:/Users/appfactory/Documents/workspace/maven-dependency/net/serenity-bdd/serenity-jira-requirements-provider/1.9.0/serenity-jira-requirements-provider-1.9.0.jar:/Users/appfactory/Documents/workspace/maven-dependency/net/serenity-bdd/serenity-jira-plugin/1.9.0/serenity-jira-plugin-1.9.0.jar:/Users/appfactory/Documents/workspace/maven-dependency/org/glassfish/jersey/core/jersey-client/2.25.1/jersey-client-2.25.1.jar:/Users/appfactory/Documents/workspace/maven-dependency/org/glassfish/jersey/core/jersey-common/2.25.1/jersey-common-2.25.1.jar:/Users/appfactory/Documents/workspace/maven-dependency/javax/annotation/javax.annotation-api/1.2/javax.annotation-api-1.2.jar:/Users/appfactory/Documents/workspace/maven-dependency/org/glassfish/jersey/bundles/repackaged/jersey-guava/2.25.1/jersey-guava-2.25.1.jar:/Users/appfactory/Documents/workspace/maven-dependency/org/glassfish/hk2/osgi-resource-locator/1.0.1/osgi-resource-locator-1.0.1.jar:/Users/appfactory/Documents/workspace/maven-dependency/org/glassfish/hk2/hk2-api/2.5.0-b32/hk2-api-2.5.0-b32.jar:/Users/appfactory/Documents/workspace/maven-dependency/org/glassfish/hk2/hk2-utils/2.5.0-b32/hk2-utils-2.5.0-b32.jar:/Users/appfactory/Documents/workspace/maven-dependency/org/glassfish/hk2/external/aopalliance-repackaged/2.5.0-b32/aopalliance-repackaged-2.5.0-b32.jar:/Users/appfactory/Documents/workspace/maven-dependency/org/glassfish/hk2/external/javax.inject/2.5.0-b32/javax.inject-2.5.0-b32.jar:/Users/appfactory/Documents/workspace/maven-dependency/org/glassfish/hk2/hk2-locator/2.5.0-b32/hk2-locator-2.5.0-b32.jar:/Users/appfactory/Documents/workspace/maven-dependency/javax/ws/rs/javax.ws.rs-api/2.0.1/javax.ws.rs-api-2.0.1.jar:/Users/appfactory/Documents/workspace/maven-dependency/org/slf4j/slf4j-simple/1.8.0-beta2/slf4j-simple-1.8.0-beta2.jar:/Users/appfactory/Documents/workspace/maven-dependency/junit/junit/4.12/junit-4.12.jar:/Users/appfactory/Documents/workspace/maven-dependency/com/jcabi/jcabi-aspects/0.22.6/jcabi-aspects-0.22.6.jar:/Users/appfactory/Documents/workspace/maven-dependency/org/aspectj/aspectjrt/1.8.7/aspectjrt-1.8.7.jar:/Users/appfactory/Documents/workspace/maven-dependency/com/jcabi/jcabi-log/0.18/jcabi-log-0.18.jar:/Users/appfactory/Documents/workspace/maven-dependency/org/assertj/assertj-core/3.9.1/assertj-core-3.9.1.jar:/Users/appfactory/Documents/workspace/maven-dependency/com/googlecode/lambdaj/lambdaj/2.3.3/lambdaj-2.3.3.jar:/Users/appfactory/Documents/workspace/maven-dependency/org/hamcrest/hamcrest-all/1.1/hamcrest-all-1.1.jar:/Users/appfactory/Documents/workspace/maven-dependency/cglib/cglib-nodep/2.2/cglib-nodep-2.2.jar:"/>
    <property name="sun.cpu.endian" value="little"/>
    <property name="user.home" value="/Users/appfactory"/>
    <property name="user.language" value="en"/>
    <property name="java.specification.vendor" value="Oracle Corporation"/>
    <property name="java.home" value="/Library/Java/JavaVirtualMachines/jdk1.8.0_162.jdk/Contents/Home/jre"/>
    <property name="basedir" value="/Users/appfactory/Documents/workspace/euexit-api-bdd"/>
    <property name="file.separator" value="/"/>
    <property name="line.separator" value="&#10;"/>
    <property name="java.vm.specification.vendor" value="Oracle Corporation"/>
    <property name="java.specification.name" value="Java Platform API Specification"/>
    <property name="java.awt.graphicsenv" value="sun.awt.CGraphicsEnvironment"/>
    <property name="surefire.real.class.path" value="/Users/appfactory/Documents/workspace/euexit-api-bdd/target/surefire/surefirebooter5395718220699297561.jar"/>
    <property name="sun.boot.class.path" value="/Library/Java/JavaVirtualMachines/jdk1.8.0_162.jdk/Contents/Home/jre/lib/resources.jar:/Library/Java/JavaVirtualMachines/jdk1.8.0_162.jdk/Contents/Home/jre/lib/rt.jar:/Library/Java/JavaVirtualMachines/jdk1.8.0_162.jdk/Contents/Home/jre/lib/sunrsasign.jar:/Library/Java/JavaVirtualMachines/jdk1.8.0_162.jdk/Contents/Home/jre/lib/jsse.jar:/Library/Java/JavaVirtualMachines/jdk1.8.0_162.jdk/Contents/Home/jre/lib/jce.jar:/Library/Java/JavaVirtualMachines/jdk1.8.0_162.jdk/Contents/Home/jre/lib/charsets.jar:/Library/Java/JavaVirtualMachines/jdk1.8.0_162.jdk/Contents/Home/jre/lib/jfr.jar:/Library/Java/JavaVirtualMachines/jdk1.8.0_162.jdk/Contents/Home/jre/classes"/>
    <property name="sun.management.compiler" value="HotSpot 64-Bit Tiered Compilers"/>
    <property name="ftp.nonProxyHosts" value="local|*.local|169.254/16|*.169.254/16"/>
    <property name="java.runtime.version" value="1.8.0_162-b12"/>
    <property name="user.name" value="appfactory"/>
    <property name="path.separator" value=":"/>
    <property name="os.version" value="10.13.3"/>
    <property name="java.endorsed.dirs" value="/Library/Java/JavaVirtualMachines/jdk1.8.0_162.jdk/Contents/Home/jre/lib/endorsed"/>
    <property name="java.runtime.name" value="Java(TM) SE Runtime Environment"/>
    <property name="file.encoding" value="UTF-8"/>
    <property name="java.vm.name" value="Java HotSpot(TM) 64-Bit Server VM"/>
    <property name="localRepository" value="/Users/appfactory/Documents/workspace/maven-dependency"/>
    <property name="java.vendor.url.bug" value="http://bugreport.sun.com/bugreport/"/>
    <property name="java.io.tmpdir" value="/var/folders/sj/hymywmn10xsgh0x_7dt1pdkm0000gs/T/"/>
    <property name="java.version" value="1.8.0_162"/>
    <property name="user.dir" value="/Users/appfactory/Documents/workspace/euexit-api-bdd"/>
    <property name="os.arch" value="x86_64"/>
    <property name="java.vm.specification.name" value="Java Virtual Machine Specification"/>
    <property name="java.awt.printerjob" value="sun.lwawt.macosx.CPrinterJob"/>
    <property name="sun.os.patch.level" value="unknown"/>
    <property name="java.library.path" value="/Users/appfactory/Library/Java/Extensions:/Library/Java/Extensions:/Network/Library/Java/Extensions:/System/Library/Java/Extensions:/usr/lib/java:."/>
    <property name="java.vm.info" value="mixed mode"/>
    <property name="java.vendor" value="Oracle Corporation"/>
    <property name="java.vm.version" value="25.162-b12"/>
    <property name="java.ext.dirs" value="/Users/appfactory/Library/Java/Extensions:/Library/Java/JavaVirtualMachines/jdk1.8.0_162.jdk/Contents/Home/jre/lib/ext:/Library/Java/Extensions:/Network/Library/Java/Extensions:/System/Library/Java/Extensions:/usr/lib/java"/>
    <property name="sun.io.unicode.encoding" value="UnicodeBig"/>
    <property name="java.class.version" value="52.0"/>
    <property name="socksNonProxyHosts" value="local|*.local|169.254/16|*.169.254/16"/>
  </properties>
  <testcase name="BeforeStories" classname="java.lang.Object" time="0.195"/>
  <testcase name="Given the user try to call API to find country using country code [countryCode]" classname="jar.steps.APIDefinitionSteps" time="6.863"/>
  <testcase name="Given the user try to call API to find country using country code [countryCode]" classname="jar.steps.APIDefinitionSteps" time="0.007"/>
  <testcase name="Given the user try to call API to find country using country code [countryCode]" classname="jar.steps.APIDefinitionSteps" time="0.008"/>
  <testcase name="Given the user try to call API to find country using country code [countryCode]" classname="jar.steps.APIDefinitionSteps" time="0.015"/>
  <testcase name="Given the user try to call API to find country using country code [countryCode]" classname="jar.steps.APIDefinitionSteps" time="0.005"/>
  <testcase name="Given the user try to call API to find country using country code [countryCode]" classname="jar.steps.APIDefinitionSteps" time="0.007"/>
  <testcase name="When the user search is executed successfully" classname="jar.steps.APIDefinitionSteps" time="0.432"/>
  <testcase name="When the user search is executed successfully" classname="jar.steps.APIDefinitionSteps" time="0.261"/>
  <testcase name="When the user search is executed successfully" classname="jar.steps.APIDefinitionSteps" time="0.229"/>
  <testcase name="When the user search is executed successfully" classname="jar.steps.APIDefinitionSteps" time="0.234"/>
  <testcase name="When the user search is executed successfully" classname="jar.steps.APIDefinitionSteps" time="0.223"/>
  <testcase name="When the user search is executed successfully" classname="jar.steps.APIDefinitionSteps" time="0.213"/>
  <testcase name="Then user should find country [countryName]" classname="jar.steps.APIDefinitionSteps" time="0.06"/>
  <testcase name="Then user should find country [countryName]" classname="jar.steps.APIDefinitionSteps" time="0.04"/>
  <testcase name="Then user should find country [countryName]" classname="jar.steps.APIDefinitionSteps" time="0.04"/>
  <testcase name="Then user should find country [countryName]" classname="jar.steps.APIDefinitionSteps" time="0.036"/>
  <testcase name="Then user should find country [countryName]" classname="jar.steps.APIDefinitionSteps" time="0.031"/>
  <testcase name="Then user should find country [countryName]" classname="jar.steps.APIDefinitionSteps" time="0.023"/>
  <testcase name="Scenario: Verifu tha twe can find the country using country code" classname="Scenario: Verifu tha twe can find the country using country code" time="0.049"/>
  <testcase name="Scenario: Verifu tha twe can find the country using country code" classname="Scenario: Verifu tha twe can find the country using country code" time="0.025"/>
  <testcase name="demo_api.story" classname="demo_api.story" time="0.029"/>
  <testcase name="AfterStories" classname="java.lang.Object" time="0.002"/>
  <testcase name="jar.AcceptanceTestSuite" classname="org.apache.maven.surefire.junit4.JUnit4Provider" time="1.609">
    <error message="Field DayOfYear cannot be printed as the value 100 exceeds the maximum print width of 2" type="net.serenitybdd.core.exceptions.SerenityManagedException">net.serenitybdd.core.exceptions.SerenityManagedException: Field DayOfYear cannot be printed as the value 100 exceeds the maximum print width of 2
	at org.apache.maven.surefire.junit4.JUnit4Provider.execute(JUnit4Provider.java:365)
	at org.apache.maven.surefire.junit4.JUnit4Provider.executeWithRerun(JUnit4Provider.java:273)
	at org.apache.maven.surefire.junit4.JUnit4Provider.executeTestSet(JUnit4Provider.java:238)
	at org.apache.maven.surefire.junit4.JUnit4Provider.invoke(JUnit4Provider.java:159)
</error>
    <system-out><![CDATA[
Generating reports view to '/Users/appfactory/Documents/workspace/euexit-api-bdd/target/jbehave' using formats '[stats, console, html, xml, serenityreporter, junitscenarioreporter]' and view properties '{decorateNonHtml=true}'
Reports view generated with 2 stories (of which 0 pending) containing 2 scenarios (of which 0 pending)
]]></system-out>
  </testcase>
</testsuite>